<?xml version="1.0" encoding="UTF-8"?>
<!-- Generated by org.testng.reporters.JUnitXMLReporter -->
<testsuite ignored="1" hostname="IATPLL002" failures="0" tests="12" name="ChromeTest" time="40.446" errors="0" timestamp="2024-12-26T14:16:48 IST">
  <testcase classname="globalview_test.Home_Test" name="toverifyTitle" time="0.139"/>
  <testcase classname="globalview_test.SignIn_test" name="ClickonMyaccount" time="2.105"/>
  <testcase classname="globalview_test.SignIn_test" name="clickonSignIn" time="1.112"/>
  <testcase classname="globalview_test.SignIn_test" name="username" time="0.217"/>
  <testcase classname="globalview_test.SignIn_test" name="password" time="0.174"/>
  <testcase classname="globalview_test.SignIn_test" name="login" time="7.183"/>
  <testcase classname="globalview_test.SignIn_test" name="uname" time="0.193"/>
  <testcase classname="globalview_test.SignIn_test" name="pass1" time="0.083"/>
  <testcase classname="globalview_test.SignIn_test" name="login2" time="2.783"/>
  <testcase classname="globalview_test.SignIn_test" name="uname2" time="0.263"/>
  <testcase classname="globalview_test.SignIn_test" name="login3" time="4.594"/>
  <testcase classname="globalview_test.SignIn_test" name="logout" time="4.457"/>
  <testcase classname="baselibrary.BaseLibrary" name="@AfterTest teardown" time="0.0">
    <ignored/>
  </testcase> <!-- @AfterTest teardown -->
</testsuite> <!-- ChromeTest -->
