<?xml version="1.0" encoding="UTF-8"?>
<!-- Generated by org.testng.reporters.JUnitXMLReporter -->
<testsuite ignored="0" hostname="IATPLL002" failures="0" tests="6" name="ChromeTest" time="108.058" errors="0" timestamp="2025-01-09T15:20:48 IST">
  <testcase classname="globalview_test.Register_Test" name="clickonMyacount" time="0.219"/>
  <testcase classname="globalview_test.Register_Test" name="clickonregister" time="3.943"/>
  <testcase classname="globalview_test.Register_Test" name="companydetails" time="6.889"/>
  <testcase classname="globalview_test.Register_Test" name="primarydetails" time="2.594"/>
  <testcase classname="globalview_test.Register_Test" name="businessoverview" time="40.359"/>
  <testcase classname="globalview_test.Register_Test" name="finalreview" time="43.393"/>
</testsuite> <!-- ChromeTest -->
