<?xml version="1.0" encoding="UTF-8"?>
<!-- Generated by org.testng.reporters.JUnitXMLReporter -->
<testsuite ignored="0" hostname="IATPLL002" failures="0" tests="6" name="EdgeTest" time="112.697" errors="0" timestamp="2025-01-09T15:24:31 IST">
  <testcase classname="globalview_test.Register_Test" name="clickonMyacount" time="0.15"/>
  <testcase classname="globalview_test.Register_Test" name="clickonregister" time="4.631"/>
  <testcase classname="globalview_test.Register_Test" name="companydetails" time="6.972"/>
  <testcase classname="globalview_test.Register_Test" name="primarydetails" time="3.37"/>
  <testcase classname="globalview_test.Register_Test" name="businessoverview" time="41.696"/>
  <testcase classname="globalview_test.Register_Test" name="finalreview" time="45.146"/>
</testsuite> <!-- EdgeTest -->
