<?xml version="1.0" encoding="UTF-8"?>
<!-- Generated by org.testng.reporters.JUnitXMLReporter -->
<testsuite ignored="1" hostname="IATPLL002" failures="0" tests="12" name="EdgeTest" time="36.736" errors="0" timestamp="2024-12-26T14:18:01 IST">
  <testcase classname="globalview_test.Home_Test" name="toverifyTitle" time="0.133"/>
  <testcase classname="globalview_test.SignIn_test" name="ClickonMyaccount" time="2.263"/>
  <testcase classname="globalview_test.SignIn_test" name="clickonSignIn" time="1.143"/>
  <testcase classname="globalview_test.SignIn_test" name="username" time="0.795"/>
  <testcase classname="globalview_test.SignIn_test" name="password" time="0.354"/>
  <testcase classname="globalview_test.SignIn_test" name="login" time="3.281"/>
  <testcase classname="globalview_test.SignIn_test" name="uname" time="0.284"/>
  <testcase classname="globalview_test.SignIn_test" name="pass1" time="0.084"/>
  <testcase classname="globalview_test.SignIn_test" name="login2" time="2.316"/>
  <testcase classname="globalview_test.SignIn_test" name="uname2" time="0.354"/>
  <testcase classname="globalview_test.SignIn_test" name="login3" time="2.452"/>
  <testcase classname="globalview_test.SignIn_test" name="logout" time="4.427"/>
  <testcase classname="baselibrary.BaseLibrary" name="@AfterTest teardown" time="0.0">
    <ignored/>
  </testcase> <!-- @AfterTest teardown -->
</testsuite> <!-- EdgeTest -->
