<?xml version="1.0" encoding="UTF-8"?>
<!-- Generated by org.testng.reporters.JUnitXMLReporter -->
<testsuite ignored="0" hostname="IATPLL002" failures="0" tests="6" name="FirefoxTest" time="110.729" errors="0" timestamp="2025-01-09T15:22:39 IST">
  <testcase classname="globalview_test.Register_Test" name="clickonMyacount" time="0.254"/>
  <testcase classname="globalview_test.Register_Test" name="clickonregister" time="3.75"/>
  <testcase classname="globalview_test.Register_Test" name="companydetails" time="8.681"/>
  <testcase classname="globalview_test.Register_Test" name="primarydetails" time="3.513"/>
  <testcase classname="globalview_test.Register_Test" name="businessoverview" time="44.348"/>
  <testcase classname="globalview_test.Register_Test" name="finalreview" time="40.604"/>
</testsuite> <!-- FirefoxTest -->
