<?xml version="1.0" encoding="UTF-8"?>
<!-- Generated by org.testng.reporters.JUnitXMLReporter -->
<testsuite ignored="1" hostname="IATPLL002" failures="0" tests="12" name="FirefoxTest" time="35.786" errors="0" timestamp="2024-12-26T14:17:24 IST">
  <testcase classname="globalview_test.Home_Test" name="toverifyTitle" time="0.011"/>
  <testcase classname="globalview_test.SignIn_test" name="ClickonMyaccount" time="2.363"/>
  <testcase classname="globalview_test.SignIn_test" name="clickonSignIn" time="1.277"/>
  <testcase classname="globalview_test.SignIn_test" name="username" time="0.108"/>
  <testcase classname="globalview_test.SignIn_test" name="password" time="0.05"/>
  <testcase classname="globalview_test.SignIn_test" name="login" time="2.594"/>
  <testcase classname="globalview_test.SignIn_test" name="uname" time="0.228"/>
  <testcase classname="globalview_test.SignIn_test" name="pass1" time="0.223"/>
  <testcase classname="globalview_test.SignIn_test" name="login2" time="2.34"/>
  <testcase classname="globalview_test.SignIn_test" name="uname2" time="0.327"/>
  <testcase classname="globalview_test.SignIn_test" name="login3" time="2.472"/>
  <testcase classname="globalview_test.SignIn_test" name="logout" time="4.278"/>
  <testcase classname="baselibrary.BaseLibrary" name="@AfterTest teardown" time="0.0">
    <ignored/>
  </testcase> <!-- @AfterTest teardown -->
</testsuite> <!-- FirefoxTest -->
