<?xml version="1.0" encoding="UTF-8"?>
<!-- Generated by org.testng.reporters.JUnitXMLReporter -->
<testsuite ignored="0" hostname="IATPLL002" failures="0" tests="6" name="Default test" time="83.293" errors="0" timestamp="2025-01-07T17:04:50 IST">
  <testcase classname="globalview_test.Register_Test" name="clickonMyacount" time="0.298"/>
  <testcase classname="globalview_test.Register_Test" name="clickonregister" time="3.885"/>
  <testcase classname="globalview_test.Register_Test" name="companydetails" time="6.031"/>
  <testcase classname="globalview_test.Register_Test" name="primarydetails" time="2.308"/>
  <testcase classname="globalview_test.Register_Test" name="businessoverview" time="34.694"/>
  <testcase classname="globalview_test.Register_Test" name="finalreview" time="28.113"/>
</testsuite> <!-- Default test -->
