<?xml version="1.0" encoding="UTF-8"?>
<!-- Generated by org.testng.reporters.JUnitXMLReporter -->
<testsuite ignored="0" hostname="IATPLL002" failures="0" tests="3" name="Registerpage Test" time="25.596" errors="0" timestamp="2024-12-09T14:36:46 IST">
  <testcase classname="globalview_test.Register_Test" name="clickonMyacount" time="0.235"/>
  <testcase classname="globalview_test.Register_Test" name="clickonregister" time="0.137"/>
  <testcase classname="globalview_test.Register_Test" name="companydetails" time="0.032"/>
</testsuite> <!-- Registerpage Test -->
