<?xml version="1.0" encoding="UTF-8"?>
<!-- Generated by org.testng.reporters.JUnitXMLReporter -->
<testsuite ignored="0" hostname="IATPLL002" failures="0" tests="11" name="SignIN Test" time="65.969" errors="0" timestamp="2024-11-26T11:45:33 IST">
  <testcase classname="globalview_test.SignIn_test" name="ClickonMyaccount" time="2.211"/>
  <testcase classname="globalview_test.SignIn_test" name="clickonSignIn" time="1.169"/>
  <testcase classname="globalview_test.SignIn_test" name="username" time="0.406"/>
  <testcase classname="globalview_test.SignIn_test" name="password" time="0.157"/>
  <testcase classname="globalview_test.SignIn_test" name="login" time="10.057"/>
  <testcase classname="globalview_test.SignIn_test" name="uname" time="0.279"/>
  <testcase classname="globalview_test.SignIn_test" name="pass1" time="0.151"/>
  <testcase classname="globalview_test.SignIn_test" name="login2" time="8.478"/>
  <testcase classname="globalview_test.SignIn_test" name="uname2" time="0.29"/>
  <testcase classname="globalview_test.SignIn_test" name="pass2" time="0.062"/>
  <testcase classname="globalview_test.SignIn_test" name="login3" time="10.735"/>
</testsuite> <!-- SignIN Test -->
