<?xml version="1.0" encoding="UTF-8"?>
<!-- Generated by org.testng.reporters.JUnitXMLReporter -->
<testsuite ignored="0" hostname="IATPLL002" failures="0" tests="11" name="SignIN Test" time="0.211" errors="0" timestamp="2024-12-06T11:24:21 IST">
  <testcase classname="baselibrary.BaseLibrary" name="@BeforeTest initializedriver" time="-1.733464460912E9">
    <failure type="org.testng.TestNGException" message="
Can inject only one of &amp;lt;ITestContext, XmlTest&amp;gt; into a @BeforeTest annotated initializedriver.
For more information on native dependency injection please refer to https://testng.org/doc/documentation-main.html#native-dependency-injection">
      <![CDATA[org.testng.TestNGException: 
Can inject only one of <ITestContext, XmlTest> into a @BeforeTest annotated initializedriver.
For more information on native dependency injection please refer to https://testng.org/doc/documentation-main.html#native-dependency-injection
... Removed 21 stack frames]]>
    </failure>
  </testcase> <!-- @BeforeTest initializedriver -->
  <testcase classname="globalview_test.SignIn_test" name="@BeforeTest getLaunchurl_globalview" time="-1.733464461025E9">
    <skipped/>
  </testcase> <!-- @BeforeTest getLaunchurl_globalview -->
  <testcase classname="baselibrary.BaseLibrary" name="@AfterTest teardown" time="-1.733464461113E9">
    <skipped/>
  </testcase> <!-- @AfterTest teardown -->
  <testcase classname="globalview_test.SignIn_test" name="ClickonMyaccount" time="0.0">
    <skipped/>
  </testcase> <!-- ClickonMyaccount -->
  <testcase classname="globalview_test.SignIn_test" name="clickonSignIn" time="0.0">
    <skipped/>
  </testcase> <!-- clickonSignIn -->
  <testcase classname="globalview_test.SignIn_test" name="username" time="0.0">
    <skipped/>
  </testcase> <!-- username -->
  <testcase classname="globalview_test.SignIn_test" name="password" time="0.0">
    <skipped/>
  </testcase> <!-- password -->
  <testcase classname="globalview_test.SignIn_test" name="login" time="0.0">
    <skipped/>
  </testcase> <!-- login -->
  <testcase classname="globalview_test.SignIn_test" name="uname" time="0.0">
    <skipped/>
  </testcase> <!-- uname -->
  <testcase classname="globalview_test.SignIn_test" name="pass1" time="0.0">
    <skipped/>
  </testcase> <!-- pass1 -->
  <testcase classname="globalview_test.SignIn_test" name="login2" time="0.0">
    <skipped/>
  </testcase> <!-- login2 -->
  <testcase classname="globalview_test.SignIn_test" name="uname2" time="0.0">
    <skipped/>
  </testcase> <!-- uname2 -->
  <testcase classname="globalview_test.SignIn_test" name="login3" time="0.0">
    <skipped/>
  </testcase> <!-- login3 -->
  <testcase classname="globalview_test.SignIn_test" name="logout" time="0.0">
    <skipped/>
  </testcase> <!-- logout -->
</testsuite> <!-- SignIN Test -->
