<?xml version="1.0" encoding="UTF-8"?>
<!-- Generated by org.testng.reporters.JUnitXMLReporter -->
<testsuite ignored="0" hostname="IATPLL002" failures="0" tests="13" name="Verifyimage test" time="323.322" errors="0" timestamp="2025-02-20T14:19:20 IST">
  <testcase classname="globalview_test.HomeLinks_Test" name="gettitle" time="0.081"/>
  <testcase classname="globalview_test.HomeLinks_Test" name="verifylogoofpage" time="2.319"/>
  <testcase classname="globalview_test.HomeLinks_Test" name="verifynewintroimages" time="12.609"/>
  <testcase classname="globalview_test.HomeLinks_Test" name="verifyheader" time="22.06"/>
  <testcase classname="globalview_test.HomeLinks_Test" name="verifythepage" time="30.624"/>
  <testcase classname="globalview_test.HomeLinks_Test" name="verifybrandpart" time="39.573"/>
  <testcase classname="globalview_test.HomeLinks_Test" name="verifyserchbar" time="14.951"/>
  <testcase classname="globalview_test.HomeLinks_Test" name="validatesignup" time="3.482"/>
  <testcase classname="globalview_test.HomeLinks_Test" name="validatelinksshopcategory" time="20.656"/>
  <testcase classname="globalview_test.HomeLinks_Test" name="validatefooterlinks" time="45.149"/>
  <testcase classname="globalview_test.HomeLinks_Test" name="signupupdates" time="17.916"/>
  <testcase classname="globalview_test.HomeLinks_Test" name="Validatebrandpartnerinshop" time="82.946"/>
  <testcase classname="globalview_test.HomeLinks_Test" name="Validatesocialmedialinks" time="23.609"/>
</testsuite> <!-- Verifyimage test -->
