<?xml version="1.0" encoding="UTF-8"?>
<!-- Generated by org.testng.reporters.JUnitXMLReporter -->
<testsuite ignored="0" hostname="IATPLL002" failures="0" tests="11" name="Verifyimage test" time="325.07" errors="0" timestamp="2025-02-06T10:05:22 IST">
  <testcase classname="globalview_test.HomeLinks_Test" name="gettitle" time="0.266"/>
  <testcase classname="globalview_test.HomeLinks_Test" name="verifylogoofpage" time="1.996"/>
  <testcase classname="globalview_test.HomeLinks_Test" name="verifyheader" time="21.521"/>
  <testcase classname="globalview_test.HomeLinks_Test" name="verifythepage" time="17.661"/>
  <testcase classname="globalview_test.HomeLinks_Test" name="verifynewintroimages" time="11.123"/>
  <testcase classname="globalview_test.HomeLinks_Test" name="verifybrandpart" time="40.327"/>
  <testcase classname="globalview_test.HomeLinks_Test" name="verifyserchbar" time="11.825"/>
  <testcase classname="globalview_test.HomeLinks_Test" name="validatesignup" time="20.709"/>
  <testcase classname="globalview_test.HomeLinks_Test" name="validatelinksshopcategory" time="137.24"/>
  <testcase classname="globalview_test.HomeLinks_Test" name="validatefooterlinks" time="38.581"/>
  <testcase classname="globalview_test.HomeLinks_Test" name="signupupdates" time="17.088"/>
</testsuite> <!-- Verifyimage test -->
