<?xml version="1.0" encoding="UTF-8"?>
<testng-results ignored="0" total="7" passed="7" failed="0" skipped="0">
  <reporter-output>
  </reporter-output>
  <suite started-at="2025-03-12T18:16:18 IST" name="Default suite" finished-at="2025-03-12T18:17:38 IST" duration-ms="79659">
    <groups>
    </groups>
    <test started-at="2025-03-12T18:16:18 IST" name="Default test" finished-at="2025-03-12T18:17:38 IST" duration-ms="79659">
      <class name="globalview_test.AddtoCart_Test">
        <test-method is-config="true" signature="getlaunchurl_globalview()[pri:0, instance:globalview_test.AddtoCart_Test@25df00a0]" started-at="2025-03-12T18:16:18 IST" name="getlaunchurl_globalview" finished-at="2025-03-12T18:16:23 IST" duration-ms="5399" status="PASS">
          <reporter-output>
          </reporter-output>
        </test-method> <!-- getlaunchurl_globalview -->
        <test-method signature="clickonmyaccount()[pri:0, instance:globalview_test.AddtoCart_Test@25df00a0]" started-at="2025-03-12T18:16:23 IST" name="clickonmyaccount" finished-at="2025-03-12T18:16:24 IST" duration-ms="306" status="PASS">
          <reporter-output>
          </reporter-output>
        </test-method> <!-- clickonmyaccount -->
        <test-method signature="clickonsignIn()[pri:1, instance:globalview_test.AddtoCart_Test@25df00a0]" started-at="2025-03-12T18:16:24 IST" name="clickonsignIn" finished-at="2025-03-12T18:16:25 IST" duration-ms="1180" status="PASS">
          <reporter-output>
          </reporter-output>
        </test-method> <!-- clickonsignIn -->
        <test-method signature="usernamepass()[pri:2, instance:globalview_test.AddtoCart_Test@25df00a0]" started-at="2025-03-12T18:16:25 IST" name="usernamepass" finished-at="2025-03-12T18:16:26 IST" duration-ms="1351" status="PASS">
          <reporter-output>
          </reporter-output>
        </test-method> <!-- usernamepass -->
        <test-method signature="loginaccount()[pri:3, instance:globalview_test.AddtoCart_Test@25df00a0]" started-at="2025-03-12T18:16:26 IST" name="loginaccount" finished-at="2025-03-12T18:16:29 IST" duration-ms="3036" status="PASS">
          <reporter-output>
          </reporter-output>
        </test-method> <!-- loginaccount -->
        <test-method signature="shopbrandpartners()[pri:4, instance:globalview_test.AddtoCart_Test@25df00a0]" started-at="2025-03-12T18:16:29 IST" name="shopbrandpartners" finished-at="2025-03-12T18:16:46 IST" duration-ms="16337" status="PASS">
          <reporter-output>
          </reporter-output>
        </test-method> <!-- shopbrandpartners -->
        <test-method signature="validatepdppage()[pri:5, instance:globalview_test.AddtoCart_Test@25df00a0]" started-at="2025-03-12T18:16:46 IST" name="validatepdppage" finished-at="2025-03-12T18:17:24 IST" duration-ms="38247" status="PASS">
          <reporter-output>
          </reporter-output>
        </test-method> <!-- validatepdppage -->
        <test-method signature="addsecondproduct()[pri:6, instance:globalview_test.AddtoCart_Test@25df00a0]" started-at="2025-03-12T18:17:24 IST" name="addsecondproduct" finished-at="2025-03-12T18:17:38 IST" duration-ms="13663" status="PASS">
          <reporter-output>
          </reporter-output>
        </test-method> <!-- addsecondproduct -->
        <test-method is-config="true" signature="quitdriver()[pri:0, instance:globalview_test.AddtoCart_Test@25df00a0]" started-at="2025-03-12T18:17:38 IST" name="quitdriver" finished-at="2025-03-12T18:17:38 IST" duration-ms="1" status="PASS">
          <reporter-output>
          </reporter-output>
        </test-method> <!-- quitdriver -->
        <test-method is-config="true" signature="teardown()[pri:0, instance:globalview_test.AddtoCart_Test@25df00a0]" started-at="2025-03-12T18:17:38 IST" name="teardown" finished-at="2025-03-12T18:17:38 IST" depends-on-methods="globalview_test.AddtoCart_Test.quitdriver" duration-ms="0" status="PASS">
          <reporter-output>
          </reporter-output>
        </test-method> <!-- teardown -->
      </class> <!-- globalview_test.AddtoCart_Test -->
    </test> <!-- Default test -->
  </suite> <!-- Default suite -->
</testng-results>
