<?xml version="1.0" encoding="UTF-8"?>
<testng-results ignored="0" total="13" passed="13" failed="0" skipped="0">
  <reporter-output>
  </reporter-output>
  <suite started-at="2025-02-11T17:33:56 IST" name="Default suite" finished-at="2025-02-11T17:38:57 IST" duration-ms="301113">
    <groups>
      <group name="regression">
        <method signature="HomeLinks_Test.Validatesocialmedialinks()[pri:12, instance:globalview_test.HomeLinks_Test@7a6d7e92]" name="Validatesocialmedialinks" class="globalview_test.HomeLinks_Test"/>
        <method signature="HomeLinks_Test.signupupdates()[pri:10, instance:globalview_test.HomeLinks_Test@7a6d7e92]" name="signupupdates" class="globalview_test.HomeLinks_Test"/>
        <method signature="HomeLinks_Test.validatelinksshopcategory()[pri:8, instance:globalview_test.HomeLinks_Test@7a6d7e92]" name="validatelinksshopcategory" class="globalview_test.HomeLinks_Test"/>
        <method signature="HomeLinks_Test.verifybrandpart()[pri:5, instance:globalview_test.HomeLinks_Test@7a6d7e92]" name="verifybrandpart" class="globalview_test.HomeLinks_Test"/>
        <method signature="HomeLinks_Test.verifyheader()[pri:2, instance:globalview_test.HomeLinks_Test@7a6d7e92]" name="verifyheader" class="globalview_test.HomeLinks_Test"/>
        <method signature="HomeLinks_Test.verifynewintroimages()[pri:4, instance:globalview_test.HomeLinks_Test@7a6d7e92]" name="verifynewintroimages" class="globalview_test.HomeLinks_Test"/>
        <method signature="HomeLinks_Test.verifyserchbar()[pri:6, instance:globalview_test.HomeLinks_Test@7a6d7e92]" name="verifyserchbar" class="globalview_test.HomeLinks_Test"/>
        <method signature="HomeLinks_Test.verifythepage()[pri:3, instance:globalview_test.HomeLinks_Test@7a6d7e92]" name="verifythepage" class="globalview_test.HomeLinks_Test"/>
      </group> <!-- regression -->
      <group name="sanity">
        <method signature="HomeLinks_Test.Validatebrandpartnerinshop()[pri:11, instance:globalview_test.HomeLinks_Test@7a6d7e92]" name="Validatebrandpartnerinshop" class="globalview_test.HomeLinks_Test"/>
        <method signature="HomeLinks_Test.gettitle()[pri:0, instance:globalview_test.HomeLinks_Test@7a6d7e92]" name="gettitle" class="globalview_test.HomeLinks_Test"/>
        <method signature="HomeLinks_Test.validatefooterlinks()[pri:9, instance:globalview_test.HomeLinks_Test@7a6d7e92]" name="validatefooterlinks" class="globalview_test.HomeLinks_Test"/>
        <method signature="HomeLinks_Test.validatesignup()[pri:7, instance:globalview_test.HomeLinks_Test@7a6d7e92]" name="validatesignup" class="globalview_test.HomeLinks_Test"/>
        <method signature="HomeLinks_Test.verifylogoofpage()[pri:1, instance:globalview_test.HomeLinks_Test@7a6d7e92]" name="verifylogoofpage" class="globalview_test.HomeLinks_Test"/>
      </group> <!-- sanity -->
    </groups>
    <test started-at="2025-02-11T17:33:56 IST" name="Default test" finished-at="2025-02-11T17:38:57 IST" duration-ms="301113">
      <class name="globalview_test.HomeLinks_Test">
        <test-method is-config="true" signature="getLaunchurl_globalview()[pri:0, instance:globalview_test.HomeLinks_Test@7a6d7e92]" started-at="2025-02-11T17:33:56 IST" name="getLaunchurl_globalview" finished-at="2025-02-11T17:34:02 IST" duration-ms="5819" status="PASS">
          <reporter-output>
          </reporter-output>
        </test-method> <!-- getLaunchurl_globalview -->
        <test-method signature="gettitle()[pri:0, instance:globalview_test.HomeLinks_Test@7a6d7e92]" started-at="2025-02-11T17:34:02 IST" name="gettitle" finished-at="2025-02-11T17:34:02 IST" duration-ms="83" status="PASS">
          <reporter-output>
          </reporter-output>
        </test-method> <!-- gettitle -->
        <test-method signature="verifylogoofpage()[pri:1, instance:globalview_test.HomeLinks_Test@7a6d7e92]" started-at="2025-02-11T17:34:02 IST" name="verifylogoofpage" finished-at="2025-02-11T17:34:04 IST" duration-ms="1966" status="PASS">
          <reporter-output>
          </reporter-output>
        </test-method> <!-- verifylogoofpage -->
        <test-method signature="verifyheader()[pri:2, instance:globalview_test.HomeLinks_Test@7a6d7e92]" started-at="2025-02-11T17:34:04 IST" name="verifyheader" finished-at="2025-02-11T17:34:22 IST" duration-ms="18288" status="PASS">
          <reporter-output>
          </reporter-output>
        </test-method> <!-- verifyheader -->
        <test-method signature="verifythepage()[pri:3, instance:globalview_test.HomeLinks_Test@7a6d7e92]" started-at="2025-02-11T17:34:22 IST" name="verifythepage" finished-at="2025-02-11T17:34:35 IST" duration-ms="12485" status="PASS">
          <reporter-output>
          </reporter-output>
        </test-method> <!-- verifythepage -->
        <test-method signature="verifynewintroimages()[pri:4, instance:globalview_test.HomeLinks_Test@7a6d7e92]" started-at="2025-02-11T17:34:35 IST" name="verifynewintroimages" finished-at="2025-02-11T17:34:46 IST" duration-ms="11165" status="PASS">
          <reporter-output>
          </reporter-output>
        </test-method> <!-- verifynewintroimages -->
        <test-method signature="verifybrandpart()[pri:5, instance:globalview_test.HomeLinks_Test@7a6d7e92]" started-at="2025-02-11T17:34:46 IST" name="verifybrandpart" finished-at="2025-02-11T17:35:25 IST" duration-ms="38890" status="PASS">
          <reporter-output>
          </reporter-output>
        </test-method> <!-- verifybrandpart -->
        <test-method signature="verifyserchbar()[pri:6, instance:globalview_test.HomeLinks_Test@7a6d7e92]" started-at="2025-02-11T17:35:25 IST" name="verifyserchbar" finished-at="2025-02-11T17:35:37 IST" duration-ms="12181" status="PASS">
          <reporter-output>
          </reporter-output>
        </test-method> <!-- verifyserchbar -->
        <test-method signature="validatesignup()[pri:7, instance:globalview_test.HomeLinks_Test@7a6d7e92]" started-at="2025-02-11T17:35:37 IST" name="validatesignup" finished-at="2025-02-11T17:35:41 IST" duration-ms="3457" status="PASS">
          <reporter-output>
          </reporter-output>
        </test-method> <!-- validatesignup -->
        <test-method signature="validatelinksshopcategory()[pri:8, instance:globalview_test.HomeLinks_Test@7a6d7e92]" started-at="2025-02-11T17:35:41 IST" name="validatelinksshopcategory" finished-at="2025-02-11T17:36:43 IST" duration-ms="61999" status="PASS">
          <reporter-output>
          </reporter-output>
        </test-method> <!-- validatelinksshopcategory -->
        <test-method signature="validatefooterlinks()[pri:9, instance:globalview_test.HomeLinks_Test@7a6d7e92]" started-at="2025-02-11T17:36:43 IST" name="validatefooterlinks" finished-at="2025-02-11T17:37:20 IST" duration-ms="37463" status="PASS">
          <reporter-output>
          </reporter-output>
        </test-method> <!-- validatefooterlinks -->
        <test-method signature="signupupdates()[pri:10, instance:globalview_test.HomeLinks_Test@7a6d7e92]" started-at="2025-02-11T17:37:20 IST" name="signupupdates" finished-at="2025-02-11T17:37:37 IST" duration-ms="16666" status="PASS">
          <reporter-output>
          </reporter-output>
        </test-method> <!-- signupupdates -->
        <test-method signature="Validatebrandpartnerinshop()[pri:11, instance:globalview_test.HomeLinks_Test@7a6d7e92]" started-at="2025-02-11T17:37:37 IST" name="Validatebrandpartnerinshop" finished-at="2025-02-11T17:38:34 IST" duration-ms="57640" status="PASS">
          <reporter-output>
          </reporter-output>
        </test-method> <!-- Validatebrandpartnerinshop -->
        <test-method signature="Validatesocialmedialinks()[pri:12, instance:globalview_test.HomeLinks_Test@7a6d7e92]" started-at="2025-02-11T17:38:34 IST" name="Validatesocialmedialinks" finished-at="2025-02-11T17:38:57 IST" duration-ms="22844" status="PASS">
          <reporter-output>
          </reporter-output>
        </test-method> <!-- Validatesocialmedialinks -->
        <test-method is-config="true" signature="tearDown()[pri:0, instance:globalview_test.HomeLinks_Test@7a6d7e92]" started-at="2025-02-11T17:38:57 IST" name="tearDown" finished-at="2025-02-11T17:38:57 IST" duration-ms="1" status="PASS">
          <reporter-output>
          </reporter-output>
        </test-method> <!-- tearDown -->
        <test-method is-config="true" signature="teardown()[pri:0, instance:globalview_test.HomeLinks_Test@7a6d7e92]" started-at="2025-02-11T17:38:57 IST" name="teardown" finished-at="2025-02-11T17:38:57 IST" depends-on-methods="globalview_test.HomeLinks_Test.tearDown" duration-ms="0" status="PASS">
          <reporter-output>
          </reporter-output>
        </test-method> <!-- teardown -->
      </class> <!-- globalview_test.HomeLinks_Test -->
    </test> <!-- Default test -->
  </suite> <!-- Default suite -->
</testng-results>
